<?xml version="1.0" encoding="UTF-8"?>
<!-- Generated by org.testng.reporters.JUnitXMLReporter -->
<testsuite ignored="0" hostname="QA_Arun_DNS" failures="0" tests="7" name="Surefire test" time="37.984" errors="0" timestamp="2024-04-23T12:02:31 IST">
  <testcase classname="com.tests.HomeTest" name="Verify_Applogo" time="1.291"/>
  <testcase classname="com.tests.HomeTest" name="Veryfy_Menu_icon" time="1.268"/>
  <testcase classname="com.tests.HomeTest" name="Veryfy_SideMenu_open" time="3.372"/>
  <testcase classname="com.tests.HomeTest" name="Veryfy_SideMenu_close" time="5.366"/>
  <testcase classname="com.tests.LoginTest" name="VerifyloginButtonDisplaying" time="0.049"/>
  <testcase classname="com.tests.LoginTest" name="PressloginButtonWithoutEnterCredentials" time="0.176"/>
  <testcase classname="com.tests.LoginTest" name="loginWithValidCredentials" time="1.188"/>
</testsuite> <!-- Surefire test -->
