<?xml version="1.0" encoding="UTF-8"?>
<!-- Generated by org.testng.reporters.JUnitXMLReporter -->
<testsuite ignored="12" hostname="QA_Arun_DNS" failures="0" tests="1" name="Default test" time="4.148" errors="0" timestamp="2024-07-14T20:06:53 IST">
  <testcase classname="com.tests.LoginTest" name="PressloginButtonWithValidUserNameInvalidPasswordAlert" time="0.716"/>
  <testcase classname="com.tests.LoginTest" name="LoginWithInvalidUserNameAndValidPassword" time="0.0">
    <ignored/>
  </testcase> <!-- LoginWithInvalidUserNameAndValidPassword -->
  <testcase classname="com.tests.LoginTest" name="loginWithInvalidCredentials" time="0.0">
    <ignored/>
  </testcase> <!-- loginWithInvalidCredentials -->
  <testcase classname="com.tests.LoginTest" name="loginWithValidCredentials" time="0.0">
    <ignored/>
  </testcase> <!-- loginWithValidCredentials -->
  <testcase classname="com.tests.LoginTest" name="PressloginButtonWithUserNameWithoutPasswordAlert" time="0.0">
    <ignored/>
  </testcase> <!-- PressloginButtonWithUserNameWithoutPasswordAlert -->
  <testcase classname="com.tests.LoginTest" name="VerifyloginButtonDisplaying" time="0.0">
    <ignored/>
  </testcase> <!-- VerifyloginButtonDisplaying -->
  <testcase classname="com.tests.LoginTest" name="loginExcel" time="0.0">
    <ignored/>
  </testcase> <!-- loginExcel -->
  <testcase classname="com.tests.LoginTest" name="PressloginButtonWithoutEnterCredentialsAlert" time="0.0">
    <ignored/>
  </testcase> <!-- PressloginButtonWithoutEnterCredentialsAlert -->
  <testcase classname="com.tests.LoginTest" name="LoginWithValidUserNameAndInvalidPassword" time="0.0">
    <ignored/>
  </testcase> <!-- LoginWithValidUserNameAndInvalidPassword -->
  <testcase classname="com.tests.LoginTest" name="UsernameFieldsDisplaying" time="0.0">
    <ignored/>
  </testcase> <!-- UsernameFieldsDisplaying -->
  <testcase classname="com.tests.LoginTest" name="LogOutCheck" time="0.0">
    <ignored/>
  </testcase> <!-- LogOutCheck -->
  <testcase classname="com.tests.LoginTest" name="PressloginButtonWithoutUserNameWithPasswordAlert" time="0.0">
    <ignored/>
  </testcase> <!-- PressloginButtonWithoutUserNameWithPasswordAlert -->
  <testcase classname="com.tests.LoginTest" name="PasswordFieldsDisplaying" time="0.0">
    <ignored/>
  </testcase> <!-- PasswordFieldsDisplaying -->
</testsuite> <!-- Default test -->
