<?xml version="1.0" encoding="UTF-8"?>
<!-- Generated by org.testng.reporters.JUnitXMLReporter -->
<testsuite ignored="0" hostname="QA_Arun_DNS" failures="0" tests="18" name="Test" time="84.006" errors="0" timestamp="2024-09-25T17:09:49 IST">
  <testcase classname="com.tests.LoginTest" name="VerifyloginButtonDisplaying" time="0.058"/>
  <testcase classname="com.tests.LoginTest" name="UsernameFieldsDisplaying" time="0.047"/>
  <testcase classname="com.tests.LoginTest" name="PasswordFieldsDisplaying" time="0.055"/>
  <testcase classname="com.tests.LoginTest" name="loginWithValidCredentials" time="1.674"/>
  <testcase classname="com.tests.LoginTest" name="loginWithInvalidCredentials" time="1.377"/>
  <testcase classname="com.tests.LoginTest" name="LoginWithInvalidUserNameAndValidPassword" time="1.368"/>
  <testcase classname="com.tests.LoginTest" name="LoginWithValidUserNameAndInvalidPassword" time="1.362"/>
  <testcase classname="com.tests.LoginTest" name="PressloginButtonWithoutEnterCredentialsAlert" time="0.117"/>
  <testcase classname="com.tests.LoginTest" name="PressloginButtonWithoutUserNameWithPasswordAlert" time="0.253"/>
  <testcase classname="com.tests.LoginTest" name="PressloginButtonWithUserNameWithoutPasswordAlert" time="0.259"/>
  <testcase classname="com.tests.LoginTest" name="PressloginButtonWithInvalidUserNameInvalidPasswordAlert" time="0.392"/>
  <testcase classname="com.tests.LoginTest" name="LogOutCheck" time="7.247"/>
  <testcase classname="com.tests.LoginTest" name="loginExcel" time="28.139"/>
  <testcase classname="com.tests.HomeTest" name="Verify_Products_Title" time="1.688"/>
  <testcase classname="com.tests.HomeTest" name="Verify_Sort_Option" time="1.874"/>
  <testcase classname="com.tests.HomeTest" name="Veryfy_SideMenu_open" time="2.735"/>
  <testcase classname="com.tests.HomeTest" name="Veryfy_SideMenu_close" time="4.879"/>
  <testcase classname="com.tests.HomeTest" name="Verify_Inventory_Items_Container" time="3.882"/>
</testsuite> <!-- Test -->
