<?xml version="1.0" encoding="UTF-8"?>
<!-- Generated by org.testng.reporters.JUnitXMLReporter -->
<testsuite ignored="0" hostname="QA_Arun_DNS" failures="0" tests="23" name="Test" time="117.359" errors="0" timestamp="2024-11-26T18:32:01 IST">
  <testcase classname="com.tests.LoginTest" name="Verify_loginButton_Displaying" time="0.093"/>
  <testcase classname="com.tests.LoginTest" name="UsernameField_Displaying" time="0.067"/>
  <testcase classname="com.tests.LoginTest" name="PasswordField_Displaying" time="0.059"/>
  <testcase classname="com.tests.LoginTest" name="login_With_Valid_Credentials" time="2.334"/>
  <testcase classname="com.tests.LoginTest" name="login_With_Invalid_Credentials" time="1.58"/>
  <testcase classname="com.tests.LoginTest" name="Login_With_Invalid_UserName_And_Valid_Password" time="1.575"/>
  <testcase classname="com.tests.LoginTest" name="Login_With_ValidUserName_And_Invalid_Password" time="1.563"/>
  <testcase classname="com.tests.LoginTest" name="Press_login_Button_Without_Enter_Credentials_Alert" time="0.223"/>
  <testcase classname="com.tests.LoginTest" name="Press_login_Button_Without_UserName_With_Password_Alert" time="0.437"/>
  <testcase classname="com.tests.LoginTest" name="Press_login_Button_With_UserName_Without_Password_Alert" time="0.417"/>
  <testcase classname="com.tests.LoginTest" name="Press_login_Button_With_Invalid_UserName_Invalid_Password_Alert" time="0.635"/>
  <testcase classname="com.tests.LoginTest" name="Verify_LogOut_Button" time="7.63"/>
  <testcase classname="com.tests.LoginTest" name="login_With_Excel_Credentials" time="30.062"/>
  <testcase classname="com.tests.HomeTest" name="Verify_Products_Title" time="2.159"/>
  <testcase classname="com.tests.HomeTest" name="Verify_Sort_Option" time="2.225"/>
  <testcase classname="com.tests.HomeTest" name="Veryfy_SideMenu_open" time="3.302"/>
  <testcase classname="com.tests.HomeTest" name="Veryfy_SideMenu_close" time="5.432"/>
  <testcase classname="com.tests.HomeTest" name="Verify_Inventory_Items_Container" time="4.168"/>
  <testcase classname="com.tests.HomeTest" name="Verify_Items_Price_Sort_High_To_Low" time="1.569"/>
  <testcase classname="com.tests.HomeTest" name="Verify_Items_Price_Sort_Low_To_High" time="1.492"/>
  <testcase classname="com.tests.HomeTest" name="Verify_Items_Name_Order_Acending" time="1.465"/>
  <testcase classname="com.tests.HomeTest" name="Verify_Items_Name_Order_Decending" time="1.573"/>
  <testcase classname="com.tests.HomeTest" name="Verify_cart_Icon_Present_or_Not" time="5.155"/>
</testsuite> <!-- Test -->
