<?xml version="1.0" encoding="UTF-8"?>
<testng-results ignored="0" total="7" passed="7" failed="0" skipped="0">
  <reporter-output>
  </reporter-output>
  <suite started-at="2024-04-23T12:01:53 IST" name="Surefire suite" finished-at="2024-04-23T12:02:31 IST" duration-ms="37984">
    <groups>
    </groups>
    <test started-at="2024-04-23T12:01:53 IST" name="Surefire test" finished-at="2024-04-23T12:02:31 IST" duration-ms="37984">
      <class name="com.tests.HomeTest">
        <test-method is-config="true" signature="setUp()[pri:0, instance:com.tests.HomeTest@794cb805]" started-at="2024-04-23T12:01:53 IST" name="setUp" finished-at="2024-04-23T12:01:58 IST" duration-ms="5383" status="PASS">
          <reporter-output>
          </reporter-output>
        </test-method> <!-- setUp -->
        <test-method signature="Verify_Applogo()[pri:0, instance:com.tests.HomeTest@794cb805]" started-at="2024-04-23T12:01:58 IST" name="Verify_Applogo" finished-at="2024-04-23T12:02:00 IST" duration-ms="1291" status="PASS">
          <reporter-output>
          </reporter-output>
        </test-method> <!-- Verify_Applogo -->
        <test-method is-config="true" signature="tearDown()[pri:0, instance:com.tests.HomeTest@794cb805]" started-at="2024-04-23T12:02:00 IST" name="tearDown" finished-at="2024-04-23T12:02:00 IST" duration-ms="151" status="PASS">
          <reporter-output>
          </reporter-output>
        </test-method> <!-- tearDown -->
        <test-method is-config="true" signature="setUp()[pri:0, instance:com.tests.HomeTest@794cb805]" started-at="2024-04-23T12:02:00 IST" name="setUp" finished-at="2024-04-23T12:02:03 IST" duration-ms="3017" status="PASS">
          <reporter-output>
          </reporter-output>
        </test-method> <!-- setUp -->
        <test-method signature="Veryfy_Menu_icon()[pri:1, instance:com.tests.HomeTest@794cb805]" started-at="2024-04-23T12:02:03 IST" name="Veryfy_Menu_icon" finished-at="2024-04-23T12:02:04 IST" duration-ms="1268" status="PASS">
          <reporter-output>
          </reporter-output>
        </test-method> <!-- Veryfy_Menu_icon -->
        <test-method is-config="true" signature="tearDown()[pri:0, instance:com.tests.HomeTest@794cb805]" started-at="2024-04-23T12:02:04 IST" name="tearDown" finished-at="2024-04-23T12:02:04 IST" duration-ms="114" status="PASS">
          <reporter-output>
          </reporter-output>
        </test-method> <!-- tearDown -->
        <test-method is-config="true" signature="setUp()[pri:0, instance:com.tests.HomeTest@794cb805]" started-at="2024-04-23T12:02:04 IST" name="setUp" finished-at="2024-04-23T12:02:07 IST" duration-ms="3203" status="PASS">
          <reporter-output>
          </reporter-output>
        </test-method> <!-- setUp -->
        <test-method signature="Veryfy_SideMenu_open()[pri:2, instance:com.tests.HomeTest@794cb805]" started-at="2024-04-23T12:02:07 IST" name="Veryfy_SideMenu_open" finished-at="2024-04-23T12:02:11 IST" duration-ms="3372" status="PASS">
          <reporter-output>
          </reporter-output>
        </test-method> <!-- Veryfy_SideMenu_open -->
        <test-method is-config="true" signature="tearDown()[pri:0, instance:com.tests.HomeTest@794cb805]" started-at="2024-04-23T12:02:11 IST" name="tearDown" finished-at="2024-04-23T12:02:11 IST" duration-ms="198" status="PASS">
          <reporter-output>
          </reporter-output>
        </test-method> <!-- tearDown -->
        <test-method is-config="true" signature="setUp()[pri:0, instance:com.tests.HomeTest@794cb805]" started-at="2024-04-23T12:02:11 IST" name="setUp" finished-at="2024-04-23T12:02:14 IST" duration-ms="3132" status="PASS">
          <reporter-output>
          </reporter-output>
        </test-method> <!-- setUp -->
        <test-method signature="Veryfy_SideMenu_close()[pri:3, instance:com.tests.HomeTest@794cb805]" started-at="2024-04-23T12:02:14 IST" name="Veryfy_SideMenu_close" finished-at="2024-04-23T12:02:19 IST" duration-ms="5366" status="PASS">
          <reporter-output>
          </reporter-output>
        </test-method> <!-- Veryfy_SideMenu_close -->
        <test-method is-config="true" signature="tearDown()[pri:0, instance:com.tests.HomeTest@794cb805]" started-at="2024-04-23T12:02:19 IST" name="tearDown" finished-at="2024-04-23T12:02:20 IST" duration-ms="209" status="PASS">
          <reporter-output>
          </reporter-output>
        </test-method> <!-- tearDown -->
      </class> <!-- com.tests.HomeTest -->
      <class name="com.tests.LoginTest">
        <test-method is-config="true" signature="setUp()[pri:0, instance:com.tests.LoginTest@4b5a5ed1]" started-at="2024-04-23T12:02:20 IST" name="setUp" finished-at="2024-04-23T12:02:23 IST" duration-ms="3119" status="PASS">
          <reporter-output>
          </reporter-output>
        </test-method> <!-- setUp -->
        <test-method signature="VerifyloginButtonDisplaying()[pri:0, instance:com.tests.LoginTest@4b5a5ed1]" started-at="2024-04-23T12:02:23 IST" name="VerifyloginButtonDisplaying" finished-at="2024-04-23T12:02:23 IST" duration-ms="49" status="PASS">
          <reporter-output>
          </reporter-output>
        </test-method> <!-- VerifyloginButtonDisplaying -->
        <test-method is-config="true" signature="tearDown()[pri:0, instance:com.tests.LoginTest@4b5a5ed1]" started-at="2024-04-23T12:02:23 IST" name="tearDown" finished-at="2024-04-23T12:02:23 IST" duration-ms="161" status="PASS">
          <reporter-output>
          </reporter-output>
        </test-method> <!-- tearDown -->
        <test-method is-config="true" signature="setUp()[pri:0, instance:com.tests.LoginTest@4b5a5ed1]" started-at="2024-04-23T12:02:23 IST" name="setUp" finished-at="2024-04-23T12:02:26 IST" duration-ms="3109" status="PASS">
          <reporter-output>
          </reporter-output>
        </test-method> <!-- setUp -->
        <test-method signature="PressloginButtonWithoutEnterCredentials()[pri:1, instance:com.tests.LoginTest@4b5a5ed1]" started-at="2024-04-23T12:02:26 IST" name="PressloginButtonWithoutEnterCredentials" finished-at="2024-04-23T12:02:26 IST" duration-ms="176" status="PASS">
          <reporter-output>
          </reporter-output>
        </test-method> <!-- PressloginButtonWithoutEnterCredentials -->
        <test-method is-config="true" signature="tearDown()[pri:0, instance:com.tests.LoginTest@4b5a5ed1]" started-at="2024-04-23T12:02:26 IST" name="tearDown" finished-at="2024-04-23T12:02:26 IST" duration-ms="186" status="PASS">
          <reporter-output>
          </reporter-output>
        </test-method> <!-- tearDown -->
        <test-method is-config="true" signature="setUp()[pri:0, instance:com.tests.LoginTest@4b5a5ed1]" started-at="2024-04-23T12:02:26 IST" name="setUp" finished-at="2024-04-23T12:02:29 IST" duration-ms="3026" status="PASS">
          <reporter-output>
          </reporter-output>
        </test-method> <!-- setUp -->
        <test-method signature="loginWithValidCredentials()[pri:2, instance:com.tests.LoginTest@4b5a5ed1]" started-at="2024-04-23T12:02:29 IST" name="loginWithValidCredentials" finished-at="2024-04-23T12:02:31 IST" duration-ms="1188" status="PASS">
          <reporter-output>
          </reporter-output>
        </test-method> <!-- loginWithValidCredentials -->
        <test-method is-config="true" signature="tearDown()[pri:0, instance:com.tests.LoginTest@4b5a5ed1]" started-at="2024-04-23T12:02:31 IST" name="tearDown" finished-at="2024-04-23T12:02:31 IST" duration-ms="192" status="PASS">
          <reporter-output>
          </reporter-output>
        </test-method> <!-- tearDown -->
      </class> <!-- com.tests.LoginTest -->
    </test> <!-- Surefire test -->
  </suite> <!-- Surefire suite -->
</testng-results>
