<?xml version="1.0" encoding="UTF-8"?>
<testng-results ignored="0" total="8" passed="8" failed="0" skipped="0">
  <reporter-output>
  </reporter-output>
  <suite started-at="2024-05-14T12:54:28 IST" name="Suite" finished-at="2024-05-14T12:55:22 IST" duration-ms="53999">
    <groups>
    </groups>
    <test started-at="2024-05-14T12:54:28 IST" name="Test" finished-at="2024-05-14T12:55:22 IST" duration-ms="53999">
      <class name="com.tests.HomeTest">
        <test-method is-config="true" signature="setUp()[pri:0, instance:com.tests.HomeTest@6bbe85a8]" started-at="2024-05-14T12:55:07 IST" name="setUp" finished-at="2024-05-14T12:55:09 IST" duration-ms="1598" status="PASS">
          <reporter-output>
          </reporter-output>
        </test-method> <!-- setUp -->
        <test-method signature="Verify_Applogo()[pri:0, instance:com.tests.HomeTest@6bbe85a8]" started-at="2024-05-14T12:55:09 IST" name="Verify_Applogo" finished-at="2024-05-14T12:55:09 IST" duration-ms="679" status="PASS">
          <reporter-output>
          </reporter-output>
        </test-method> <!-- Verify_Applogo -->
        <test-method is-config="true" signature="afterMethod()[pri:0, instance:com.tests.HomeTest@6bbe85a8]" started-at="2024-05-14T12:55:09 IST" name="afterMethod" finished-at="2024-05-14T12:55:09 IST" duration-ms="68" status="PASS">
          <reporter-output>
          </reporter-output>
        </test-method> <!-- afterMethod -->
        <test-method is-config="true" signature="setUp()[pri:0, instance:com.tests.HomeTest@6bbe85a8]" started-at="2024-05-14T12:55:09 IST" name="setUp" finished-at="2024-05-14T12:55:11 IST" duration-ms="1350" status="PASS">
          <reporter-output>
          </reporter-output>
        </test-method> <!-- setUp -->
        <test-method signature="Veryfy_Menu_icon()[pri:1, instance:com.tests.HomeTest@6bbe85a8]" started-at="2024-05-14T12:55:11 IST" name="Veryfy_Menu_icon" finished-at="2024-05-14T12:55:12 IST" duration-ms="776" status="PASS">
          <reporter-output>
          </reporter-output>
        </test-method> <!-- Veryfy_Menu_icon -->
        <test-method is-config="true" signature="afterMethod()[pri:0, instance:com.tests.HomeTest@6bbe85a8]" started-at="2024-05-14T12:55:12 IST" name="afterMethod" finished-at="2024-05-14T12:55:12 IST" duration-ms="79" status="PASS">
          <reporter-output>
          </reporter-output>
        </test-method> <!-- afterMethod -->
        <test-method is-config="true" signature="setUp()[pri:0, instance:com.tests.HomeTest@6bbe85a8]" started-at="2024-05-14T12:55:12 IST" name="setUp" finished-at="2024-05-14T12:55:13 IST" duration-ms="1418" status="PASS">
          <reporter-output>
          </reporter-output>
        </test-method> <!-- setUp -->
        <test-method signature="Veryfy_SideMenu_open()[pri:2, instance:com.tests.HomeTest@6bbe85a8]" started-at="2024-05-14T12:55:13 IST" name="Veryfy_SideMenu_open" finished-at="2024-05-14T12:55:16 IST" duration-ms="2907" status="PASS">
          <reporter-output>
          </reporter-output>
        </test-method> <!-- Veryfy_SideMenu_open -->
        <test-method is-config="true" signature="afterMethod()[pri:0, instance:com.tests.HomeTest@6bbe85a8]" started-at="2024-05-14T12:55:16 IST" name="afterMethod" finished-at="2024-05-14T12:55:16 IST" duration-ms="79" status="PASS">
          <reporter-output>
          </reporter-output>
        </test-method> <!-- afterMethod -->
        <test-method is-config="true" signature="setUp()[pri:0, instance:com.tests.HomeTest@6bbe85a8]" started-at="2024-05-14T12:55:16 IST" name="setUp" finished-at="2024-05-14T12:55:17 IST" duration-ms="1345" status="PASS">
          <reporter-output>
          </reporter-output>
        </test-method> <!-- setUp -->
        <test-method signature="Veryfy_SideMenu_close()[pri:3, instance:com.tests.HomeTest@6bbe85a8]" started-at="2024-05-14T12:55:17 IST" name="Veryfy_SideMenu_close" finished-at="2024-05-14T12:55:22 IST" duration-ms="4946" status="PASS">
          <reporter-output>
          </reporter-output>
        </test-method> <!-- Veryfy_SideMenu_close -->
        <test-method is-config="true" signature="afterMethod()[pri:0, instance:com.tests.HomeTest@6bbe85a8]" started-at="2024-05-14T12:55:22 IST" name="afterMethod" finished-at="2024-05-14T12:55:22 IST" duration-ms="101" status="PASS">
          <reporter-output>
          </reporter-output>
        </test-method> <!-- afterMethod -->
      </class> <!-- com.tests.HomeTest -->
      <class name="com.tests.LoginTest">
        <test-method is-config="true" signature="setUp()[pri:0, instance:com.tests.LoginTest@5149d738]" started-at="2024-05-14T12:54:29 IST" name="setUp" finished-at="2024-05-14T12:54:32 IST" duration-ms="3249" status="PASS">
          <reporter-output>
          </reporter-output>
        </test-method> <!-- setUp -->
        <test-method signature="VerifyloginButtonDisplaying()[pri:0, instance:com.tests.LoginTest@5149d738]" started-at="2024-05-14T12:54:32 IST" name="VerifyloginButtonDisplaying" finished-at="2024-05-14T12:54:32 IST" duration-ms="61" status="PASS">
          <reporter-output>
          </reporter-output>
        </test-method> <!-- VerifyloginButtonDisplaying -->
        <test-method is-config="true" signature="afterMethod()[pri:0, instance:com.tests.LoginTest@5149d738]" started-at="2024-05-14T12:54:32 IST" name="afterMethod" finished-at="2024-05-14T12:54:32 IST" duration-ms="85" status="PASS">
          <reporter-output>
          </reporter-output>
        </test-method> <!-- afterMethod -->
        <test-method is-config="true" signature="setUp()[pri:0, instance:com.tests.LoginTest@5149d738]" started-at="2024-05-14T12:54:32 IST" name="setUp" finished-at="2024-05-14T12:54:33 IST" duration-ms="1515" status="PASS">
          <reporter-output>
          </reporter-output>
        </test-method> <!-- setUp -->
        <test-method signature="PressloginButtonWithoutEnterCredentials()[pri:1, instance:com.tests.LoginTest@5149d738]" started-at="2024-05-14T12:54:33 IST" name="PressloginButtonWithoutEnterCredentials" finished-at="2024-05-14T12:54:34 IST" duration-ms="131" status="PASS">
          <reporter-output>
          </reporter-output>
        </test-method> <!-- PressloginButtonWithoutEnterCredentials -->
        <test-method is-config="true" signature="afterMethod()[pri:0, instance:com.tests.LoginTest@5149d738]" started-at="2024-05-14T12:54:34 IST" name="afterMethod" finished-at="2024-05-14T12:54:34 IST" duration-ms="170" status="PASS">
          <reporter-output>
          </reporter-output>
        </test-method> <!-- afterMethod -->
        <test-method is-config="true" signature="setUp()[pri:0, instance:com.tests.LoginTest@5149d738]" started-at="2024-05-14T12:54:34 IST" name="setUp" finished-at="2024-05-14T12:54:35 IST" duration-ms="1405" status="PASS">
          <reporter-output>
          </reporter-output>
        </test-method> <!-- setUp -->
        <test-method signature="loginWithValidDatas()[pri:2, instance:com.tests.LoginTest@5149d738]" started-at="2024-05-14T12:54:35 IST" name="loginWithValidDatas" finished-at="2024-05-14T12:54:37 IST" duration-ms="1786" status="PASS">
          <reporter-output>
          </reporter-output>
        </test-method> <!-- loginWithValidDatas -->
        <test-method is-config="true" signature="afterMethod()[pri:0, instance:com.tests.LoginTest@5149d738]" started-at="2024-05-14T12:54:37 IST" name="afterMethod" finished-at="2024-05-14T12:54:37 IST" duration-ms="78" status="PASS">
          <reporter-output>
          </reporter-output>
        </test-method> <!-- afterMethod -->
        <test-method is-config="true" signature="setUp()[pri:0, instance:com.tests.LoginTest@5149d738]" started-at="2024-05-14T12:54:37 IST" name="setUp" finished-at="2024-05-14T12:54:39 IST" duration-ms="1551" status="PASS">
          <reporter-output>
          </reporter-output>
        </test-method> <!-- setUp -->
        <test-method signature="loginExcel()[pri:3, instance:com.tests.LoginTest@5149d738]" started-at="2024-05-14T12:54:39 IST" name="loginExcel" finished-at="2024-05-14T12:55:07 IST" duration-ms="28394" status="PASS">
          <reporter-output>
          </reporter-output>
        </test-method> <!-- loginExcel -->
        <test-method is-config="true" signature="afterMethod()[pri:0, instance:com.tests.LoginTest@5149d738]" started-at="2024-05-14T12:55:07 IST" name="afterMethod" finished-at="2024-05-14T12:55:07 IST" duration-ms="121" status="PASS">
          <reporter-output>
          </reporter-output>
        </test-method> <!-- afterMethod -->
      </class> <!-- com.tests.LoginTest -->
    </test> <!-- Test -->
  </suite> <!-- Suite -->
</testng-results>
